<?xml version="1.0" encoding="UTF-8"?>
<!-- Generated by org.testng.reporters.JUnitXMLReporter -->
<testsuite ignored="0" hostname="ChandanKT" failures="0" tests="8" name="Surefire test" time="3.204" errors="0" timestamp="2025-07-30T18:59:26 IST">
  <testcase classname="com.emergent.tests.AIAgentInteractionTest" name="@BeforeClass setUpClass" time="2.87">
    <failure type="org.openqa.selenium.SessionNotCreatedException" message="Could not start a new session. Response code 500. Message: session not created: This version of ChromeDriver only supports Chrome version 114
Current browser version is 138.0.7204.169 with binary path C:\Program Files\Google\Chrome\Application\chrome.exe 
Host info: host: &amp;apos;CHANDANKT&amp;apos;, ip: &amp;apos;10.158.243.101&amp;apos;
Build info: version: &amp;apos;4.10.0&amp;apos;, revision: &amp;apos;c14d967899&amp;apos;
System info: os.name: &amp;apos;Windows 11&amp;apos;, os.arch: &amp;apos;amd64&amp;apos;, os.version: &amp;apos;10.0&amp;apos;, java.version: &amp;apos;21.0.6&amp;apos;
Driver info: org.openqa.selenium.chrome.ChromeDriver
Command: [null, newSession {capabilities=[Capabilities {browserName: chrome, goog:chromeOptions: {args: [--ignore-certificate-errors, --disable-dev-shm-usage, --no-sandbox, --disable-gpu, --window-size=1920,1080, --remote-allow-origins=*], excludeSwitches: [enable-automation], extensions: []}}]}]">
      <![CDATA[org.openqa.selenium.SessionNotCreatedException: Could not start a new session. Response code 500. Message: session not created: This version of ChromeDriver only supports Chrome version 114
Current browser version is 138.0.7204.169 with binary path C:\Program Files\Google\Chrome\Application\chrome.exe 
Host info: host: 'CHANDANKT', ip: '10.158.243.101'
Build info: version: '4.10.0', revision: 'c14d967899'
System info: os.name: 'Windows 11', os.arch: 'amd64', os.version: '10.0', java.version: '21.0.6'
Driver info: org.openqa.selenium.chrome.ChromeDriver
Command: [null, newSession {capabilities=[Capabilities {browserName: chrome, goog:chromeOptions: {args: [--ignore-certificate-errors, --disable-dev-shm-usage, --no-sandbox, --disable-gpu, --window-size=1920,1080, --remote-allow-origins=*], excludeSwitches: [enable-automation], extensions: []}}]}]
at org.openqa.selenium.remote.ProtocolHandshake.createSession(ProtocolHandshake.java:140)
at org.openqa.selenium.remote.ProtocolHandshake.createSession(ProtocolHandshake.java:96)
at org.openqa.selenium.remote.ProtocolHandshake.createSession(ProtocolHandshake.java:68)
at org.openqa.selenium.remote.HttpCommandExecutor.execute(HttpCommandExecutor.java:163)
at org.openqa.selenium.remote.service.DriverCommandExecutor.invokeExecute(DriverCommandExecutor.java:196)
at org.openqa.selenium.remote.service.DriverCommandExecutor.execute(DriverCommandExecutor.java:171)
at org.openqa.selenium.remote.RemoteWebDriver.execute(RemoteWebDriver.java:531)
at org.openqa.selenium.remote.RemoteWebDriver.startSession(RemoteWebDriver.java:227)
at org.openqa.selenium.remote.RemoteWebDriver.<init>(RemoteWebDriver.java:154)
at org.openqa.selenium.chromium.ChromiumDriver.<init>(ChromiumDriver.java:107)
at org.openqa.selenium.chrome.ChromeDriver.<init>(ChromeDriver.java:87)
at org.openqa.selenium.chrome.ChromeDriver.<init>(ChromeDriver.java:82)
at org.openqa.selenium.chrome.ChromeDriver.<init>(ChromeDriver.java:71)
at com.emergent.utils.WebDriverFactory.createChromeDriver(WebDriverFactory.java:79)
at com.emergent.utils.WebDriverFactory.createDriver(WebDriverFactory.java:31)
at com.emergent.tests.BaseTest.setUp(BaseTest.java:39)
at com.emergent.tests.AIAgentInteractionTest.setUpClass(AIAgentInteractionTest.java:31)
at java.base/java.util.ArrayList.forEach(ArrayList.java:1596)
... Removed 28 stack frames]]>
    </failure>
  </testcase> <!-- @BeforeClass setUpClass -->
  <testcase classname="com.emergent.tests.BaseTest" name="@BeforeMethod navigateToBaseUrl" time="0.0">
    <skipped/>
  </testcase> <!-- @BeforeMethod navigateToBaseUrl -->
  <testcase classname="com.emergent.tests.AIAgentInteractionTest" name="@BeforeMethod setUp" time="0.0">
    <skipped/>
  </testcase> <!-- @BeforeMethod setUp -->
  <testcase classname="com.emergent.tests.BaseTest" name="@AfterMethod methodCleanup" time="0.0">
    <skipped/>
  </testcase> <!-- @AfterMethod methodCleanup -->
  <testcase classname="com.emergent.tests.BaseTest" name="@BeforeMethod navigateToBaseUrl" time="0.0">
    <skipped/>
  </testcase> <!-- @BeforeMethod navigateToBaseUrl -->
  <testcase classname="com.emergent.tests.AIAgentInteractionTest" name="@BeforeMethod setUp" time="0.0">
    <skipped/>
  </testcase> <!-- @BeforeMethod setUp -->
  <testcase classname="com.emergent.tests.BaseTest" name="@AfterMethod methodCleanup" time="0.0">
    <skipped/>
  </testcase> <!-- @AfterMethod methodCleanup -->
  <testcase classname="com.emergent.tests.BaseTest" name="@BeforeMethod navigateToBaseUrl" time="0.0">
    <skipped/>
  </testcase> <!-- @BeforeMethod navigateToBaseUrl -->
  <testcase classname="com.emergent.tests.AIAgentInteractionTest" name="@BeforeMethod setUp" time="0.0">
    <skipped/>
  </testcase> <!-- @BeforeMethod setUp -->
  <testcase classname="com.emergent.tests.BaseTest" name="@AfterMethod methodCleanup" time="0.0">
    <skipped/>
  </testcase> <!-- @AfterMethod methodCleanup -->
  <testcase classname="com.emergent.tests.BaseTest" name="@BeforeMethod navigateToBaseUrl" time="0.0">
    <skipped/>
  </testcase> <!-- @BeforeMethod navigateToBaseUrl -->
  <testcase classname="com.emergent.tests.AIAgentInteractionTest" name="@BeforeMethod setUp" time="0.0">
    <skipped/>
  </testcase> <!-- @BeforeMethod setUp -->
  <testcase classname="com.emergent.tests.BaseTest" name="@AfterMethod methodCleanup" time="0.0">
    <skipped/>
  </testcase> <!-- @AfterMethod methodCleanup -->
  <testcase classname="com.emergent.tests.BaseTest" name="@BeforeMethod navigateToBaseUrl" time="0.0">
    <skipped/>
  </testcase> <!-- @BeforeMethod navigateToBaseUrl -->
  <testcase classname="com.emergent.tests.AIAgentInteractionTest" name="@BeforeMethod setUp" time="0.0">
    <skipped/>
  </testcase> <!-- @BeforeMethod setUp -->
  <testcase classname="com.emergent.tests.BaseTest" name="@AfterMethod methodCleanup" time="0.0">
    <skipped/>
  </testcase> <!-- @AfterMethod methodCleanup -->
  <testcase classname="com.emergent.tests.BaseTest" name="@BeforeMethod navigateToBaseUrl" time="0.0">
    <skipped/>
  </testcase> <!-- @BeforeMethod navigateToBaseUrl -->
  <testcase classname="com.emergent.tests.AIAgentInteractionTest" name="@BeforeMethod setUp" time="0.0">
    <skipped/>
  </testcase> <!-- @BeforeMethod setUp -->
  <testcase classname="com.emergent.tests.BaseTest" name="@AfterMethod methodCleanup" time="0.0">
    <skipped/>
  </testcase> <!-- @AfterMethod methodCleanup -->
  <testcase classname="com.emergent.tests.BaseTest" name="@BeforeMethod navigateToBaseUrl" time="0.0">
    <skipped/>
  </testcase> <!-- @BeforeMethod navigateToBaseUrl -->
  <testcase classname="com.emergent.tests.AIAgentInteractionTest" name="@BeforeMethod setUp" time="0.0">
    <skipped/>
  </testcase> <!-- @BeforeMethod setUp -->
  <testcase classname="com.emergent.tests.BaseTest" name="@AfterMethod methodCleanup" time="0.0">
    <skipped/>
  </testcase> <!-- @AfterMethod methodCleanup -->
  <testcase classname="com.emergent.tests.BaseTest" name="@BeforeMethod navigateToBaseUrl" time="0.0">
    <skipped/>
  </testcase> <!-- @BeforeMethod navigateToBaseUrl -->
  <testcase classname="com.emergent.tests.AIAgentInteractionTest" name="@BeforeMethod setUp" time="0.0">
    <skipped/>
  </testcase> <!-- @BeforeMethod setUp -->
  <testcase classname="com.emergent.tests.BaseTest" name="@AfterMethod methodCleanup" time="0.0">
    <skipped/>
  </testcase> <!-- @AfterMethod methodCleanup -->
  <testcase classname="com.emergent.tests.BaseTest" name="@AfterClass tearDown" time="0.0">
    <skipped/>
  </testcase> <!-- @AfterClass tearDown -->
  <testcase classname="com.emergent.tests.AIAgentInteractionTest" name="testSendingSimplePrompt" time="0.0">
    <skipped/>
  </testcase> <!-- testSendingSimplePrompt -->
  <testcase classname="com.emergent.tests.AIAgentInteractionTest" name="testSendingComplexPrompt" time="0.0">
    <skipped/>
  </testcase> <!-- testSendingComplexPrompt -->
  <testcase classname="com.emergent.tests.AIAgentInteractionTest" name="testSendingFollowUpPrompt" time="0.0">
    <skipped/>
  </testcase> <!-- testSendingFollowUpPrompt -->
  <testcase classname="com.emergent.tests.AIAgentInteractionTest" name="testSendingEmptyPrompt" time="0.0">
    <skipped/>
  </testcase> <!-- testSendingEmptyPrompt -->
  <testcase classname="com.emergent.tests.AIAgentInteractionTest" name="testSendingPromptsWithSpecialInstructions" time="0.0">
    <skipped/>
  </testcase> <!-- testSendingPromptsWithSpecialInstructions -->
  <testcase classname="com.emergent.tests.AIAgentInteractionTest" name="testSendingPromptsWithSpecialInstructions" time="0.001">
    <skipped/>
  </testcase> <!-- testSendingPromptsWithSpecialInstructions -->
  <testcase classname="com.emergent.tests.AIAgentInteractionTest" name="testSendingPromptsWithSpecialInstructions" time="0.0">
    <skipped/>
  </testcase> <!-- testSendingPromptsWithSpecialInstructions -->
  <testcase classname="com.emergent.tests.AIAgentInteractionTest" name="testSendingPromptsWithSpecialInstructions" time="0.0">
    <skipped/>
  </testcase> <!-- testSendingPromptsWithSpecialInstructions -->
</testsuite> <!-- Surefire test -->
